{"level":"info","message":"Sat Sep 14 2024 19:57:59 GMT+0530 (India Standard Time)-Host:\"gzip, deflate, br\"-method:\"PUT\"-\"/cart\"-/user/ \"wastijeet@gmail.com\"","private":true}
{"level":"info","message":"Sat Sep 14 2024 19:58:37 GMT+0530 (India Standard Time)-Host:\"gzip, deflate, br\"-method:\"PUT\"-\"/cart\"-/user/ \"wastijeet@gmail.com\"","private":true}
{"level":"info","message":"Sat Sep 14 2024 20:01:20 GMT+0530 (India Standard Time)-Host:\"gzip, deflate, br\"-method:\"PUT\"-\"/cart\"-/user/ \"wastijeet@gmail.com\"","private":true}
{"level":"info","message":"Sat Sep 14 2024 20:01:25 GMT+0530 (India Standard Time)-Host:\"gzip, deflate, br\"-method:\"PUT\"-\"/cart\"-/user/ \"wastijeet@gmail.com\"","private":true}
{"level":"info","message":"Sat Sep 14 2024 20:01:53 GMT+0530 (India Standard Time)-Host:\"gzip, deflate, br\"-method:\"PUT\"-\"/cart\"-/user/ \"wastijeet@gmail.com\"","private":true}
{"level":"info","message":"Sat Sep 14 2024 20:02:21 GMT+0530 (India Standard Time)-Host:\"gzip, deflate, br\"-method:\"PUT\"-\"/cart\"-/user/ \"wastijeet@gmail.com\"","private":true}
{"level":"info","message":"Sat Sep 14 2024 20:02:27 GMT+0530 (India Standard Time)-Host:\"gzip, deflate, br\"-method:\"PUT\"-\"/cart\"-/user/ \"wastijeet@gmail.com\"","private":true}
{"level":"info","message":"Sat Sep 14 2024 20:02:42 GMT+0530 (India Standard Time)-Host:\"gzip, deflate, br\"-method:\"PUT\"-\"/cart\"-/user/ \"wastijeet@gmail.com\"","private":true}
{"level":"info","message":"Sat Sep 14 2024 20:03:01 GMT+0530 (India Standard Time)-Host:\"gzip, deflate, br\"-method:\"PUT\"-\"/cart\"-/user/ \"wastijeet@gmail.com\"","private":true}
{"level":"info","message":"Sat Sep 14 2024 20:03:39 GMT+0530 (India Standard Time)-Host:\"gzip, deflate, br\"-method:\"PUT\"-\"/cart\"-/user/ \"wastijeet@gmail.com\"","private":true}
{"level":"info","message":"Sat Sep 14 2024 20:04:17 GMT+0530 (India Standard Time)-Host:\"gzip, deflate, br\"-method:\"PUT\"-\"/cart\"-/user/ \"wastijeet@gmail.com\"","private":true}
{"level":"info","message":"Sat Sep 14 2024 20:04:35 GMT+0530 (India Standard Time)-Host:\"gzip, deflate, br\"-method:\"PUT\"-\"/cart\"-/user/ \"wastijeet@gmail.com\"","private":true}
{"level":"info","message":"Sat Sep 14 2024 20:26:10 GMT+0530 (India Standard Time)-Host:\"gzip, deflate, br\"-method:\"PUT\"-\"/cart\"-/user/ \"wastijeet@gmail.com\"","private":true}
{"level":"info","message":"Sat Sep 14 2024 20:26:27 GMT+0530 (India Standard Time)-Host:\"gzip, deflate, br\"-method:\"PUT\"-\"/cart\"-/user/ \"wastijeet@gmail.com\"","private":true}
{"level":"info","message":"Sat Sep 14 2024 20:29:08 GMT+0530 (India Standard Time)-Host:\"gzip, deflate, br\"-method:\"PUT\"-\"/cart\"-/user/ \"wastijeet@gmail.com\"","private":true}
{"level":"info","message":"Sat Sep 14 2024 20:32:04 GMT+0530 (India Standard Time)-Host:\"gzip, deflate, br\"-method:\"PUT\"-\"/cart\"-/user/ \"wastijeet@gmail.com\"","private":true}
{"level":"info","message":"Sat Sep 14 2024 20:32:41 GMT+0530 (India Standard Time)-Host:\"gzip, deflate, br\"-method:\"PUT\"-\"/cart\"-/user/ \"wastijeet@gmail.com\"","private":true}
{"level":"info","message":"Sat Sep 14 2024 20:32:51 GMT+0530 (India Standard Time)-Host:\"gzip, deflate, br\"-method:\"PUT\"-\"/cart\"-/user/ \"wastijeet@gmail.com\"","private":true}
{"level":"info","message":"Sat Sep 14 2024 20:33:00 GMT+0530 (India Standard Time)-Host:\"gzip, deflate, br\"-method:\"PUT\"-\"/cart\"-/user/ \"wastijeet@gmail.com\"","private":true}
{"level":"info","message":"Sat Sep 14 2024 20:33:17 GMT+0530 (India Standard Time)-Host:\"gzip, deflate, br\"-method:\"PUT\"-\"/cart\"-/user/ \"wastijeet@gmail.com\"","private":true}
{"level":"info","message":"Sat Sep 14 2024 20:33:33 GMT+0530 (India Standard Time)-Host:\"gzip, deflate, br\"-method:\"PUT\"-\"/cart\"-/user/ \"wastijeet@gmail.com\"","private":true}
{"level":"info","message":"Sat Sep 14 2024 20:33:43 GMT+0530 (India Standard Time)-Host:\"gzip, deflate, br\"-method:\"PUT\"-\"/cart\"-/user/ \"wastijeet@gmail.com\"","private":true}
{"level":"info","message":"Sat Sep 14 2024 20:34:10 GMT+0530 (India Standard Time)-Host:\"gzip, deflate, br\"-method:\"PUT\"-\"/cart\"-/user/ \"wastijeet@gmail.com\"","private":true}
{"level":"info","message":"Sat Sep 14 2024 20:35:12 GMT+0530 (India Standard Time)-Host:\"gzip, deflate, br\"-method:\"PUT\"-\"/cart\"-/user/ \"wastijeet@gmail.com\"","private":true}
{"level":"info","message":"Sat Sep 14 2024 23:18:28 GMT+0530 (India Standard Time)-Host:\"gzip, deflate, br\"-method:\"PUT\"-\"/cart\"-/user/ \"wastijeet@gmail.com\"","private":true}
{"level":"info","message":"Sat Sep 14 2024 23:36:25 GMT+0530 (India Standard Time)-Host:\"gzip, deflate, br\"-method:\"PUT\"-\"/cart\"-/user/ \"wastijeet@gmail.com\"","private":true}
{"level":"info","message":"Sat Sep 14 2024 23:39:31 GMT+0530 (India Standard Time)-Host:\"gzip, deflate, br\"-method:\"PUT\"-\"/cart\"-/user/ \"wastijeet@gmail.com\"","private":true}
{"level":"info","message":"Sat Sep 14 2024 23:40:56 GMT+0530 (India Standard Time)-Host:\"gzip, deflate, br\"-method:\"PUT\"-\"/cart\"-/user/ \"wastijeet@gmail.com\"","private":true}
{"level":"info","message":"Sat Sep 14 2024 23:41:15 GMT+0530 (India Standard Time)-Host:\"gzip, deflate, br\"-method:\"PUT\"-\"/cart\"-/user/ \"wastijeet@gmail.com\"","private":true}
{"level":"info","message":"Sat Sep 14 2024 23:48:43 GMT+0530 (India Standard Time)-Host:\"gzip, deflate, br\"-method:\"PUT\"-\"/cart\"-/user/ \"wastijeet@gmail.com\"","private":true}
{"level":"info","message":"Sat Sep 14 2024 23:49:01 GMT+0530 (India Standard Time)-Host:\"gzip, deflate, br\"-method:\"PUT\"-\"/cart\"-/user/ \"wastijeet@gmail.com\"","private":true}
{"level":"info","message":"Sat Sep 14 2024 23:49:12 GMT+0530 (India Standard Time)-Host:\"gzip, deflate, br\"-method:\"PUT\"-\"/cart\"-/user/ \"wastijeet@gmail.com\"","private":true}
{"level":"info","message":"Sat Sep 14 2024 23:50:33 GMT+0530 (India Standard Time)-Host:\"gzip, deflate, br\"-method:\"PUT\"-\"/cart\"-/user/ \"wastijeet@gmail.com\"","private":true}
{"level":"info","message":"Sat Sep 14 2024 23:56:09 GMT+0530 (India Standard Time)-Host:\"gzip, deflate, br\"-method:\"PUT\"-\"/cart\"-/user/ \"wastijeet@gmail.com\"","private":true}
{"level":"info","message":"Sat Sep 14 2024 23:56:23 GMT+0530 (India Standard Time)-Host:\"gzip, deflate, br\"-method:\"PUT\"-\"/cart\"-/user/ \"wastijeet@gmail.com\"","private":true}
{"level":"info","message":"Sat Sep 14 2024 23:57:11 GMT+0530 (India Standard Time)-Host:\"gzip, deflate, br\"-method:\"PUT\"-\"/cart\"-/user/ \"wastijeet@gmail.com\"","private":true}
{"level":"info","message":"Sat Sep 14 2024 23:58:11 GMT+0530 (India Standard Time)-Host:\"gzip, deflate, br\"-method:\"PUT\"-\"/cart\"-/user/ \"wastijeet@gmail.com\"","private":true}
{"level":"info","message":"Sat Sep 14 2024 23:59:56 GMT+0530 (India Standard Time)-Host:\"gzip, deflate, br\"-method:\"PUT\"-\"/cart\"-/user/ \"wastijeet@gmail.com\"","private":true}
{"level":"info","message":"Sun Sep 15 2024 00:01:36 GMT+0530 (India Standard Time)-Host:\"gzip, deflate, br\"-method:\"PUT\"-\"/cart\"-/user/ \"wastijeet@gmail.com\"","private":true}
{"level":"info","message":"Sun Sep 15 2024 00:01:51 GMT+0530 (India Standard Time)-Host:\"gzip, deflate, br\"-method:\"PUT\"-\"/cart\"-/user/ \"wastijeet@gmail.com\"","private":true}
{"level":"info","message":"Sun Sep 15 2024 00:02:45 GMT+0530 (India Standard Time)-Host:\"gzip, deflate, br\"-method:\"PUT\"-\"/cart\"-/user/ \"wastijeet@gmail.com\"","private":true}
{"level":"info","message":"Sun Sep 15 2024 00:03:23 GMT+0530 (India Standard Time)-Host:\"gzip, deflate, br\"-method:\"PUT\"-\"/cart\"-/user/ \"wastijeet@gmail.com\"","private":true}
{"level":"info","message":"Sun Sep 15 2024 00:28:24 GMT+0530 (India Standard Time)-Host:\"gzip, deflate, br\"-method:\"PUT\"-\"/cart\"-/user/ \"wastijeet@gmail.com\"","private":true}
{"level":"info","message":"Sun Sep 15 2024 00:28:55 GMT+0530 (India Standard Time)-Host:\"gzip, deflate, br\"-method:\"PUT\"-\"/cart\"-/user/ \"wastijeet@gmail.com\"","private":true}
{"level":"info","message":"Sun Sep 15 2024 00:29:15 GMT+0530 (India Standard Time)-Host:\"gzip, deflate, br\"-method:\"PUT\"-\"/cart\"-/user/ \"wastijeet@gmail.com\"","private":true}
{"level":"info","message":"Sun Sep 15 2024 00:32:56 GMT+0530 (India Standard Time)-Host:\"gzip, deflate, br\"-method:\"PUT\"-\"/cart\"-/user/ \"wastijeet@gmail.com\"","private":true}
{"level":"info","message":"Sun Sep 15 2024 00:32:59 GMT+0530 (India Standard Time)-Host:\"gzip, deflate, br\"-method:\"PUT\"-\"/cart\"-/user/ \"wastijeet@gmail.com\"","private":true}
{"level":"info","message":"Sun Sep 15 2024 00:41:20 GMT+0530 (India Standard Time)-Host:\"gzip, deflate, br\"-method:\"DELETE\"-\"/cart/:id\"-/user/ \"wastijeet@gmail.com\"","private":true}
{"level":"info","message":"Sun Sep 15 2024 00:41:42 GMT+0530 (India Standard Time)-Host:\"gzip, deflate, br\"-method:\"DELETE\"-\"/cart/:id\"-/user/ \"wastijeet@gmail.com\"","private":true}
{"level":"info","message":"Sun Sep 15 2024 00:42:00 GMT+0530 (India Standard Time)-Host:\"gzip, deflate, br\"-method:\"DELETE\"-\"/cart/:id\"-/user/ \"wastijeet@gmail.com\"","private":true}
{"level":"info","message":"Sun Sep 15 2024 00:45:30 GMT+0530 (India Standard Time)-Host:\"gzip, deflate, br\"-method:\"DELETE\"-\"/cart/:id\"-/user/ \"wastijeet@gmail.com\"","private":true}
{"level":"info","message":"Sun Sep 15 2024 00:50:35 GMT+0530 (India Standard Time)-Host:\"gzip, deflate, br\"-method:\"DELETE\"-\"/cart/:id\"-/user/ \"wastijeet@gmail.com\"","private":true}
{"level":"info","message":"Sun Sep 15 2024 00:53:12 GMT+0530 (India Standard Time)-Host:\"gzip, deflate, br\"-method:\"DELETE\"-\"/cart/:id\"-/user/ \"wastijeet@gmail.com\"","private":true}
{"level":"info","message":"Sun Sep 15 2024 00:53:39 GMT+0530 (India Standard Time)-Host:\"gzip, deflate, br\"-method:\"DELETE\"-\"/cart/:id\"-/user/ \"wastijeet@gmail.com\"","private":true}
{"level":"info","message":"Sun Sep 15 2024 01:38:19 GMT+0530 (India Standard Time)-Host:\"gzip, deflate, br\"-method:\"DELETE\"-\"/cart/:id\"-/user/ \"wastijeet@gmail.com\"","private":true}
{"level":"info","message":"Sun Sep 15 2024 01:38:30 GMT+0530 (India Standard Time)-Host:\"gzip, deflate, br\"-method:\"DELETE\"-\"/cart/:id\"-/user/ \"wastijeet@gmail.com\"","private":true}
{"level":"info","message":"Sun Sep 15 2024 01:38:43 GMT+0530 (India Standard Time)-Host:\"gzip, deflate, br\"-method:\"DELETE\"-\"/cart/:id\"-/user/ \"wastijeet@gmail.com\"","private":true}
{"level":"info","message":"Sun Sep 15 2024 01:39:06 GMT+0530 (India Standard Time)-Host:\"gzip, deflate, br\"-method:\"DELETE\"-\"/cart/:id\"-/user/ \"wastijeet@gmail.com\"","private":true}
{"level":"info","message":"Sun Sep 15 2024 01:39:17 GMT+0530 (India Standard Time)-Host:\"gzip, deflate, br\"-method:\"DELETE\"-\"/cart/:id\"-/user/ \"wastijeet@gmail.com\"","private":true}
{"level":"info","message":"Sun Sep 15 2024 01:39:51 GMT+0530 (India Standard Time)-Host:\"gzip, deflate, br\"-method:\"DELETE\"-\"/cart/:id\"-/user/ \"wastijeet@gmail.com\"","private":true}
{"level":"info","message":"Sun Sep 15 2024 01:40:29 GMT+0530 (India Standard Time)-Host:\"gzip, deflate, br\"-method:\"DELETE\"-\"/cart/:id\"-/user/ \"wastijeet@gmail.com\"","private":true}
{"level":"info","message":"Sun Sep 15 2024 01:40:47 GMT+0530 (India Standard Time)-Host:\"gzip, deflate, br\"-method:\"DELETE\"-\"/cart/:id\"-/user/ \"wastijeet@gmail.com\"","private":true}
{"level":"info","message":"Sun Sep 15 2024 01:41:11 GMT+0530 (India Standard Time)-Host:\"gzip, deflate, br\"-method:\"DELETE\"-\"/cart/:id\"-/user/ \"wastijeet@gmail.com\"","private":true}
{"level":"info","message":"Sun Sep 15 2024 01:41:34 GMT+0530 (India Standard Time)-Host:\"gzip, deflate, br\"-method:\"PUT\"-\"/cart\"-/user/ \"wastijeet@gmail.com\"","private":true}
{"level":"info","message":"Sun Sep 15 2024 01:42:02 GMT+0530 (India Standard Time)-Host:\"gzip, deflate, br\"-method:\"DELETE\"-\"/cart/:id\"-/user/ \"wastijeet@gmail.com\"","private":true}
{"level":"info","message":"Sun Sep 15 2024 01:45:06 GMT+0530 (India Standard Time)-Host:\"gzip, deflate, br\"-method:\"DELETE\"-\"/cart/:id\"-/user/ \"wastijeet@gmail.com\"","private":true}
{"level":"info","message":"Sun Sep 15 2024 01:46:18 GMT+0530 (India Standard Time)-Host:\"gzip, deflate, br\"-method:\"DELETE\"-\"/cart/:id\"-/user/ \"wastijeet@gmail.com\"","private":true}
{"level":"info","message":"Sun Sep 15 2024 01:48:39 GMT+0530 (India Standard Time)-Host:\"gzip, deflate, br\"-method:\"DELETE\"-\"/cart/:id\"-/user/ \"wastijeet@gmail.com\"","private":true}
{"level":"info","message":"Sun Sep 15 2024 01:50:19 GMT+0530 (India Standard Time)-Host:\"gzip, deflate, br\"-method:\"DELETE\"-\"/cart/:id\"-/user/ \"wastijeet@gmail.com\"","private":true}
{"level":"info","message":"Sun Sep 15 2024 01:50:55 GMT+0530 (India Standard Time)-Host:\"gzip, deflate, br\"-method:\"DELETE\"-\"/cart/:id\"-/user/ \"wastijeet@gmail.com\"","private":true}
{"level":"info","message":"Sun Sep 15 2024 01:51:13 GMT+0530 (India Standard Time)-Host:\"gzip, deflate, br\"-method:\"DELETE\"-\"/cart/:id\"-/user/ \"wastijeet@gmail.com\"","private":true}
{"level":"info","message":"Sun Sep 15 2024 01:51:52 GMT+0530 (India Standard Time)-Host:\"gzip, deflate, br\"-method:\"DELETE\"-\"/cart/:id\"-/user/ \"wastijeet@gmail.com\"","private":true}
{"level":"info","message":"Sun Sep 15 2024 01:52:06 GMT+0530 (India Standard Time)-Host:\"gzip, deflate, br\"-method:\"DELETE\"-\"/cart/:id\"-/user/ \"wastijeet@gmail.com\"","private":true}
{"level":"info","message":"Sun Sep 15 2024 01:52:43 GMT+0530 (India Standard Time)-Host:\"gzip, deflate, br\"-method:\"DELETE\"-\"/cart/:id\"-/user/ \"wastijeet@gmail.com\"","private":true}
{"level":"info","message":"Sun Sep 15 2024 01:52:56 GMT+0530 (India Standard Time)-Host:\"gzip, deflate, br\"-method:\"DELETE\"-\"/cart/:id\"-/user/ \"wastijeet@gmail.com\"","private":true}
{"level":"info","message":"Sun Sep 15 2024 01:54:09 GMT+0530 (India Standard Time)-Host:\"gzip, deflate, br\"-method:\"DELETE\"-\"/cart/:id\"-/user/ \"wastijeet@gmail.com\"","private":true}
{"level":"info","message":"Sun Sep 15 2024 01:54:41 GMT+0530 (India Standard Time)-Host:\"gzip, deflate, br\"-method:\"DELETE\"-\"/cart/:id\"-/user/ \"wastijeet@gmail.com\"","private":true}
{"level":"info","message":"Sun Sep 15 2024 01:56:23 GMT+0530 (India Standard Time)-Host:\"gzip, deflate, br\"-method:\"PUT\"-\"/cart\"-/user/ \"wastijeet@gmail.com\"","private":true}
{"level":"info","message":"Sun Sep 15 2024 01:56:24 GMT+0530 (India Standard Time)-Host:\"gzip, deflate, br\"-method:\"PUT\"-\"/cart\"-/user/ \"wastijeet@gmail.com\"","private":true}
{"level":"info","message":"Sun Sep 15 2024 01:56:25 GMT+0530 (India Standard Time)-Host:\"gzip, deflate, br\"-method:\"PUT\"-\"/cart\"-/user/ \"wastijeet@gmail.com\"","private":true}
{"level":"info","message":"Sun Sep 15 2024 01:56:26 GMT+0530 (India Standard Time)-Host:\"gzip, deflate, br\"-method:\"PUT\"-\"/cart\"-/user/ \"wastijeet@gmail.com\"","private":true}
{"level":"info","message":"Sun Sep 15 2024 01:56:41 GMT+0530 (India Standard Time)-Host:\"gzip, deflate, br\"-method:\"DELETE\"-\"/cart/:id\"-/user/ \"wastijeet@gmail.com\"","private":true}
{"level":"info","message":"Sun Sep 15 2024 01:57:01 GMT+0530 (India Standard Time)-Host:\"gzip, deflate, br\"-method:\"DELETE\"-\"/cart/:id\"-/user/ \"wastijeet@gmail.com\"","private":true}
{"level":"info","message":"Sun Sep 15 2024 01:57:13 GMT+0530 (India Standard Time)-Host:\"gzip, deflate, br\"-method:\"PUT\"-\"/cart\"-/user/ \"wastijeet@gmail.com\"","private":true}
{"level":"info","message":"Sun Sep 15 2024 01:57:14 GMT+0530 (India Standard Time)-Host:\"gzip, deflate, br\"-method:\"PUT\"-\"/cart\"-/user/ \"wastijeet@gmail.com\"","private":true}
{"level":"info","message":"Sun Sep 15 2024 01:57:14 GMT+0530 (India Standard Time)-Host:\"gzip, deflate, br\"-method:\"PUT\"-\"/cart\"-/user/ \"wastijeet@gmail.com\"","private":true}
{"level":"info","message":"Sun Sep 15 2024 01:57:15 GMT+0530 (India Standard Time)-Host:\"gzip, deflate, br\"-method:\"PUT\"-\"/cart\"-/user/ \"wastijeet@gmail.com\"","private":true}
{"level":"info","message":"Sun Sep 15 2024 01:57:16 GMT+0530 (India Standard Time)-Host:\"gzip, deflate, br\"-method:\"PUT\"-\"/cart\"-/user/ \"wastijeet@gmail.com\"","private":true}
{"level":"info","message":"Sun Sep 15 2024 01:57:17 GMT+0530 (India Standard Time)-Host:\"gzip, deflate, br\"-method:\"PUT\"-\"/cart\"-/user/ \"wastijeet@gmail.com\"","private":true}
{"level":"info","message":"Sun Sep 15 2024 01:57:18 GMT+0530 (India Standard Time)-Host:\"gzip, deflate, br\"-method:\"PUT\"-\"/cart\"-/user/ \"wastijeet@gmail.com\"","private":true}
{"level":"info","message":"Sun Sep 15 2024 01:57:19 GMT+0530 (India Standard Time)-Host:\"gzip, deflate, br\"-method:\"PUT\"-\"/cart\"-/user/ \"wastijeet@gmail.com\"","private":true}
{"level":"info","message":"Sun Sep 15 2024 01:57:38 GMT+0530 (India Standard Time)-Host:\"gzip, deflate, br\"-method:\"PUT\"-\"/cart\"-/user/ \"wastijeet@gmail.com\"","private":true}
{"level":"info","message":"Sun Sep 15 2024 01:57:48 GMT+0530 (India Standard Time)-Host:\"gzip, deflate, br\"-method:\"PUT\"-\"/cart\"-/user/ \"wastijeet@gmail.com\"","private":true}
{"level":"info","message":"Sun Sep 15 2024 01:57:49 GMT+0530 (India Standard Time)-Host:\"gzip, deflate, br\"-method:\"PUT\"-\"/cart\"-/user/ \"wastijeet@gmail.com\"","private":true}
{"level":"info","message":"Sun Sep 15 2024 01:58:09 GMT+0530 (India Standard Time)-Host:\"gzip, deflate, br\"-method:\"DELETE\"-\"/cart/:id\"-/user/ \"wastijeet@gmail.com\"","private":true}
{"level":"info","message":"Sun Sep 15 2024 02:08:03 GMT+0530 (India Standard Time)-Host:\"gzip, deflate, br\"-method:\"DELETE\"-\"/cart/:id\"-/user/ \"wastijeet@gmail.com\"","private":true}
{"level":"info","message":"Sun Sep 15 2024 02:08:15 GMT+0530 (India Standard Time)-Host:\"gzip, deflate, br\"-method:\"DELETE\"-\"/cart/:id\"-/user/ \"wastijeet@gmail.com\"","private":true}
{"level":"info","message":"Sun Sep 15 2024 02:08:56 GMT+0530 (India Standard Time)-Host:\"gzip, deflate, br\"-method:\"DELETE\"-\"/cart/:id\"-/user/ \"wastijeet@gmail.com\"","private":true}
{"level":"info","message":"Sun Sep 15 2024 02:11:58 GMT+0530 (India Standard Time)-Host:\"gzip, deflate, br\"-method:\"DELETE\"-\"/cart/:id\"-/user/ \"wastijeet@gmail.com\"","private":true}
{"level":"info","message":"Sun Sep 15 2024 02:12:07 GMT+0530 (India Standard Time)-Host:\"gzip, deflate, br\"-method:\"DELETE\"-\"/cart/:id\"-/user/ \"wastijeet@gmail.com\"","private":true}
{"level":"info","message":"Sun Sep 15 2024 02:12:17 GMT+0530 (India Standard Time)-Host:\"gzip, deflate, br\"-method:\"PUT\"-\"/cart\"-/user/ \"wastijeet@gmail.com\"","private":true}
{"level":"info","message":"Sun Sep 15 2024 02:12:18 GMT+0530 (India Standard Time)-Host:\"gzip, deflate, br\"-method:\"PUT\"-\"/cart\"-/user/ \"wastijeet@gmail.com\"","private":true}
{"level":"info","message":"Sun Sep 15 2024 02:13:47 GMT+0530 (India Standard Time)-Host:\"gzip, deflate, br\"-method:\"DELETE\"-\"/cart/:id\"-/user/ \"wastijeet@gmail.com\"","private":true}
{"level":"info","message":"Sun Sep 15 2024 02:14:07 GMT+0530 (India Standard Time)-Host:\"gzip, deflate, br\"-method:\"DELETE\"-\"/cart/:id\"-/user/ \"wastijeet@gmail.com\"","private":true}
{"level":"info","message":"Sun Sep 15 2024 02:14:21 GMT+0530 (India Standard Time)-Host:\"gzip, deflate, br\"-method:\"DELETE\"-\"/cart/:id\"-/user/ \"wastijeet@gmail.com\"","private":true}
{"level":"info","message":"Sun Sep 15 2024 02:15:09 GMT+0530 (India Standard Time)-Host:\"gzip, deflate, br\"-method:\"DELETE\"-\"/cart/:id\"-/user/ \"wastijeet@gmail.com\"","private":true}
{"level":"info","message":"Sun Sep 15 2024 02:17:33 GMT+0530 (India Standard Time)-Host:\"gzip, deflate, br\"-method:\"DELETE\"-\"/cart/:id\"-/user/ \"wastijeet@gmail.com\"","private":true}
{"level":"info","message":"Sun Sep 15 2024 02:18:54 GMT+0530 (India Standard Time)-Host:\"gzip, deflate, br\"-method:\"DELETE\"-\"/cart/:id\"-/user/ \"wastijeet@gmail.com\"","private":true}
{"level":"info","message":"Sun Sep 15 2024 02:19:07 GMT+0530 (India Standard Time)-Host:\"gzip, deflate, br\"-method:\"DELETE\"-\"/cart/:id\"-/user/ \"wastijeet@gmail.com\"","private":true}
{"level":"info","message":"Sun Sep 15 2024 02:19:08 GMT+0530 (India Standard Time)-Host:\"gzip, deflate, br\"-method:\"DELETE\"-\"/cart/:id\"-/user/ \"wastijeet@gmail.com\"","private":true}
{"level":"info","message":"Sun Sep 15 2024 02:19:09 GMT+0530 (India Standard Time)-Host:\"gzip, deflate, br\"-method:\"DELETE\"-\"/cart/:id\"-/user/ \"wastijeet@gmail.com\"","private":true}
{"level":"info","message":"Sun Sep 15 2024 02:19:10 GMT+0530 (India Standard Time)-Host:\"gzip, deflate, br\"-method:\"DELETE\"-\"/cart/:id\"-/user/ \"wastijeet@gmail.com\"","private":true}
{"level":"info","message":"Sun Sep 15 2024 02:19:10 GMT+0530 (India Standard Time)-Host:\"gzip, deflate, br\"-method:\"DELETE\"-\"/cart/:id\"-/user/ \"wastijeet@gmail.com\"","private":true}
{"level":"info","message":"Sun Sep 15 2024 02:19:11 GMT+0530 (India Standard Time)-Host:\"gzip, deflate, br\"-method:\"DELETE\"-\"/cart/:id\"-/user/ \"wastijeet@gmail.com\"","private":true}
{"level":"info","message":"Sun Sep 15 2024 02:19:12 GMT+0530 (India Standard Time)-Host:\"gzip, deflate, br\"-method:\"DELETE\"-\"/cart/:id\"-/user/ \"wastijeet@gmail.com\"","private":true}
{"level":"info","message":"Sun Sep 15 2024 02:19:21 GMT+0530 (India Standard Time)-Host:\"gzip, deflate, br\"-method:\"DELETE\"-\"/cart/:id\"-/user/ \"wastijeet@gmail.com\"","private":true}
{"level":"info","message":"Sun Sep 15 2024 02:19:31 GMT+0530 (India Standard Time)-Host:\"gzip, deflate, br\"-method:\"DELETE\"-\"/cart/:id\"-/user/ \"wastijeet@gmail.com\"","private":true}
{"level":"info","message":"Sun Sep 15 2024 02:19:56 GMT+0530 (India Standard Time)-Host:\"gzip, deflate, br\"-method:\"DELETE\"-\"/cart/:id\"-/user/ \"wastijeet@gmail.com\"","private":true}
{"level":"info","message":"Sun Sep 15 2024 02:20:10 GMT+0530 (India Standard Time)-Host:\"gzip, deflate, br\"-method:\"DELETE\"-\"/cart/:id\"-/user/ \"wastijeet@gmail.com\"","private":true}
{"level":"info","message":"Sun Sep 15 2024 02:20:43 GMT+0530 (India Standard Time)-Host:\"gzip, deflate, br\"-method:\"DELETE\"-\"/cart/:id\"-/user/ \"wastijeet@gmail.com\"","private":true}
{"level":"info","message":"Sun Sep 15 2024 02:21:00 GMT+0530 (India Standard Time)-Host:\"gzip, deflate, br\"-method:\"DELETE\"-\"/cart/:id\"-/user/ \"wastijeet@gmail.com\"","private":true}
{"level":"info","message":"Sun Sep 15 2024 02:21:45 GMT+0530 (India Standard Time)-Host:\"gzip, deflate, br\"-method:\"PUT\"-\"/cart\"-/user/ \"wastijeet@gmail.com\"","private":true}
{"level":"info","message":"Sun Sep 15 2024 02:22:02 GMT+0530 (India Standard Time)-Host:\"gzip, deflate, br\"-method:\"DELETE\"-\"/cart/:id\"-/user/ \"wastijeet@gmail.com\"","private":true}
{"level":"info","message":"Sun Sep 15 2024 02:22:18 GMT+0530 (India Standard Time)-Host:\"gzip, deflate, br\"-method:\"DELETE\"-\"/cart/:id\"-/user/ \"wastijeet@gmail.com\"","private":true}
{"level":"info","message":"Sun Sep 15 2024 02:22:38 GMT+0530 (India Standard Time)-Host:\"gzip, deflate, br\"-method:\"DELETE\"-\"/cart/:id\"-/user/ \"wastijeet@gmail.com\"","private":true}
{"level":"info","message":"Sun Sep 15 2024 02:24:30 GMT+0530 (India Standard Time)-Host:\"gzip, deflate, br\"-method:\"PUT\"-\"/cart\"-/user/ \"wastijeet@gmail.com\"","private":true}
{"level":"info","message":"Sun Sep 15 2024 02:24:46 GMT+0530 (India Standard Time)-Host:\"gzip, deflate, br\"-method:\"DELETE\"-\"/cart/:id\"-/user/ \"wastijeet@gmail.com\"","private":true}
{"level":"info","message":"Sun Sep 15 2024 02:25:12 GMT+0530 (India Standard Time)-Host:\"gzip, deflate, br\"-method:\"DELETE\"-\"/cart/:id\"-/user/ \"wastijeet@gmail.com\"","private":true}
{"level":"info","message":"Sun Sep 15 2024 02:25:13 GMT+0530 (India Standard Time)-Host:\"gzip, deflate, br\"-method:\"DELETE\"-\"/cart/:id\"-/user/ \"wastijeet@gmail.com\"","private":true}
{"level":"info","message":"Sun Sep 15 2024 02:25:13 GMT+0530 (India Standard Time)-Host:\"gzip, deflate, br\"-method:\"DELETE\"-\"/cart/:id\"-/user/ \"wastijeet@gmail.com\"","private":true}
{"level":"info","message":"Sun Sep 15 2024 02:25:14 GMT+0530 (India Standard Time)-Host:\"gzip, deflate, br\"-method:\"DELETE\"-\"/cart/:id\"-/user/ \"wastijeet@gmail.com\"","private":true}
{"level":"info","message":"Sun Sep 15 2024 02:25:15 GMT+0530 (India Standard Time)-Host:\"gzip, deflate, br\"-method:\"DELETE\"-\"/cart/:id\"-/user/ \"wastijeet@gmail.com\"","private":true}
{"level":"info","message":"Sun Sep 15 2024 02:25:16 GMT+0530 (India Standard Time)-Host:\"gzip, deflate, br\"-method:\"DELETE\"-\"/cart/:id\"-/user/ \"wastijeet@gmail.com\"","private":true}
{"level":"info","message":"Sun Sep 15 2024 02:25:17 GMT+0530 (India Standard Time)-Host:\"gzip, deflate, br\"-method:\"DELETE\"-\"/cart/:id\"-/user/ \"wastijeet@gmail.com\"","private":true}
{"level":"info","message":"Sun Sep 15 2024 02:25:17 GMT+0530 (India Standard Time)-Host:\"gzip, deflate, br\"-method:\"DELETE\"-\"/cart/:id\"-/user/ \"wastijeet@gmail.com\"","private":true}
{"level":"info","message":"Sun Sep 15 2024 02:25:18 GMT+0530 (India Standard Time)-Host:\"gzip, deflate, br\"-method:\"DELETE\"-\"/cart/:id\"-/user/ \"wastijeet@gmail.com\"","private":true}
{"level":"info","message":"Sun Sep 15 2024 02:25:25 GMT+0530 (India Standard Time)-Host:\"gzip, deflate, br\"-method:\"DELETE\"-\"/cart/:id\"-/user/ \"wastijeet@gmail.com\"","private":true}
{"level":"info","message":"Sun Sep 15 2024 02:25:42 GMT+0530 (India Standard Time)-Host:\"gzip, deflate, br\"-method:\"DELETE\"-\"/cart/:id\"-/user/ \"wastijeet@gmail.com\"","private":true}
{"level":"info","message":"Sun Sep 15 2024 02:25:52 GMT+0530 (India Standard Time)-Host:\"gzip, deflate, br\"-method:\"DELETE\"-\"/cart/:id\"-/user/ \"wastijeet@gmail.com\"","private":true}
{"level":"info","message":"Sun Sep 15 2024 02:26:02 GMT+0530 (India Standard Time)-Host:\"gzip, deflate, br\"-method:\"PUT\"-\"/cart\"-/user/ \"wastijeet@gmail.com\"","private":true}
{"level":"info","message":"Sun Sep 15 2024 02:26:05 GMT+0530 (India Standard Time)-Host:\"gzip, deflate, br\"-method:\"PUT\"-\"/cart\"-/user/ \"wastijeet@gmail.com\"","private":true}
{"level":"info","message":"Sun Sep 15 2024 02:26:29 GMT+0530 (India Standard Time)-Host:\"gzip, deflate, br\"-method:\"PUT\"-\"/cart\"-/user/ \"wastijeet@gmail.com\"","private":true}
{"level":"info","message":"Sun Sep 15 2024 02:36:39 GMT+0530 (India Standard Time)-Host:\"gzip, deflate, br\"-method:\"DELETE\"-\"/cart/:id\"-/user/ \"wastijeet@gmail.com\"","private":true}
{"level":"info","message":"Sun Sep 15 2024 19:12:20 GMT+0530 (India Standard Time)-Host:\"gzip, deflate, br\"-method:\"DELETE\"-\"/cart/:id\"-/user/ \"wastijeet@gmail.com\"","private":true}
{"level":"info","message":"Sun Sep 15 2024 19:59:01 GMT+0530 (India Standard Time)-Host:\"gzip, deflate, br\"-method:\"PUT\"-\"/cart\"-/user/ \"wastijeet@gmail.com\"","private":true}
{"level":"info","message":"Sun Sep 15 2024 20:01:03 GMT+0530 (India Standard Time)-Host:\"gzip, deflate, br\"-method:\"PUT\"-\"/cart\"-/user/ \"wastijeet@gmail.com\"","private":true}
{"level":"info","message":"Sun Sep 15 2024 21:08:17 GMT+0530 (India Standard Time)-Host:\"gzip, deflate, br\"-method:\"PUT\"-\"/cart\"-/user/ \"wastijeet@gmail.com\"","private":true}
{"level":"info","message":"Sun Sep 15 2024 21:18:22 GMT+0530 (India Standard Time)-Host:\"gzip, deflate, br\"-method:\"PUT\"-\"/cart\"-/user/ \"wastijeet@gmail.com\"","private":true}
{"level":"info","message":"Sun Sep 15 2024 23:52:05 GMT+0530 (India Standard Time)-Host:\"gzip, deflate, br\"-method:\"PUT\"-\"/cart\"-/user/ \"wastijeet@gmail.com\"","private":true}
{"level":"info","message":"Mon Sep 16 2024 01:25:06 GMT+0530 (India Standard Time)-Host:\"gzip, deflate, br\"-method:\"PUT\"-\"/cart\"-/user/ \"wastijeet@gmail.com\"","private":true}
{"level":"info","message":"Tue Sep 17 2024 23:38:32 GMT+0530 (India Standard Time)-Host:\"localhost:8002\"-method:\"GET\"-\"/:id\"-/user/ \"wastijeet@gmail.com\"","private":true}
{"level":"info","message":"Tue Sep 17 2024 23:40:13 GMT+0530 (India Standard Time)-Host:\"localhost:8002\"-method:\"PUT\"-\"/wishlist\"-/user/ \"wastijeet@gmail.com\"","private":true}
{"level":"info","message":"Tue Sep 17 2024 23:41:46 GMT+0530 (India Standard Time)-Host:\"localhost:8002\"-method:\"PUT\"-\"/wishlist\"-/user/ \"wastijeet@gmail.com\"","private":true}
{"level":"info","message":"Tue Sep 17 2024 23:41:57 GMT+0530 (India Standard Time)-Host:\"localhost:8002\"-method:\"PUT\"-\"/wishlist\"-/user/ \"wastijeet@gmail.com\"","private":true}
{"level":"info","message":"Tue Sep 17 2024 23:42:51 GMT+0530 (India Standard Time)-Host:\"localhost:8002\"-method:\"PUT\"-\"/wishlist\"-/user/ \"wastijeet@gmail.com\"","private":true}
{"level":"info","message":"Tue Sep 17 2024 23:43:56 GMT+0530 (India Standard Time)-Host:\"localhost:8002\"-method:\"PUT\"-\"/wishlist\"-/user/ \"wastijeet@gmail.com\"","private":true}
{"level":"info","message":"Tue Sep 17 2024 23:48:13 GMT+0530 (India Standard Time)-Host:\"localhost:8002\"-method:\"PUT\"-\"/wishlist\"-/user/ \"wastijeet@gmail.com\"","private":true}
{"level":"info","message":"Tue Sep 17 2024 23:48:27 GMT+0530 (India Standard Time)-Host:\"localhost:8002\"-method:\"PUT\"-\"/wishlist\"-/user/ \"wastijeet@gmail.com\"","private":true}
{"level":"info","message":"Tue Sep 17 2024 23:48:28 GMT+0530 (India Standard Time)-Host:\"localhost:8002\"-method:\"PUT\"-\"/wishlist\"-/user/ \"wastijeet@gmail.com\"","private":true}
{"level":"info","message":"Wed Sep 18 2024 00:22:41 GMT+0530 (India Standard Time)-Host:\"localhost:8002\"-method:\"PUT\"-\"/wishlist\"-/user/ \"wastijeet@gmail.com\"","private":true}
{"level":"info","message":"Wed Sep 18 2024 00:22:54 GMT+0530 (India Standard Time)-Host:\"localhost:8002\"-method:\"PUT\"-\"/wishlist\"-/user/ \"wastijeet@gmail.com\"","private":true}
{"level":"info","message":"Wed Sep 18 2024 00:24:35 GMT+0530 (India Standard Time)-Host:\"localhost:8002\"-method:\"PUT\"-\"/wishlist\"-/user/ \"wastijeet@gmail.com\"","private":true}
{"level":"info","message":"Wed Sep 18 2024 00:24:48 GMT+0530 (India Standard Time)-Host:\"localhost:8002\"-method:\"PUT\"-\"/wishlist\"-/user/ \"wastijeet@gmail.com\"","private":true}
{"level":"info","message":"Wed Sep 18 2024 00:27:16 GMT+0530 (India Standard Time)-Host:\"localhost:8002\"-method:\"PUT\"-\"/cart\"-/user/ \"wastijeet@gmail.com\"","private":true}
{"level":"info","message":"Wed Sep 18 2024 00:28:32 GMT+0530 (India Standard Time)-Host:\"localhost:8002\"-method:\"PUT\"-\"/cart\"-/user/ \"wastijeet@gmail.com\"","private":true}
{"level":"info","message":"Wed Sep 18 2024 00:28:42 GMT+0530 (India Standard Time)-Host:\"localhost:8002\"-method:\"PUT\"-\"/cart\"-/user/ \"wastijeet@gmail.com\"","private":true}
{"level":"info","message":"Wed Sep 18 2024 00:29:36 GMT+0530 (India Standard Time)-Host:\"localhost:8002\"-method:\"PUT\"-\"/cart\"-/user/ \"wastijeet@gmail.com\"","private":true}
{"level":"info","message":"Wed Sep 18 2024 00:30:29 GMT+0530 (India Standard Time)-Host:\"localhost:8002\"-method:\"PUT\"-\"/cart\"-/user/ \"wastijeet@gmail.com\"","private":true}
{"level":"info","message":"Wed Sep 18 2024 00:30:55 GMT+0530 (India Standard Time)-Host:\"localhost:8002\"-method:\"PUT\"-\"/cart\"-/user/ \"wastijeet@gmail.com\"","private":true}
{"level":"info","message":"Wed Sep 18 2024 00:31:46 GMT+0530 (India Standard Time)-Host:\"localhost:8002\"-method:\"PUT\"-\"/cart\"-/user/ \"wastijeet@gmail.com\"","private":true}
{"level":"info","message":"Wed Sep 18 2024 00:32:49 GMT+0530 (India Standard Time)-Host:\"localhost:8002\"-method:\"PUT\"-\"/cart\"-/user/ \"wastijeet@gmail.com\"","private":true}
{"level":"info","message":"Thu Sep 19 2024 23:18:49 GMT+0530 (India Standard Time)-Host:\"localhost:8002\"-method:\"PUT\"-\"/cart\"-/user/ \"wastijeet@gmail.com\"","private":true}
{"level":"info","message":"Thu Sep 19 2024 23:19:11 GMT+0530 (India Standard Time)-Host:\"localhost:8002\"-method:\"PUT\"-\"/cart\"-/user/ \"wastijeet@gmail.com\"","private":true}
{"level":"info","message":"Thu Sep 19 2024 23:19:48 GMT+0530 (India Standard Time)-Host:\"localhost:8002\"-method:\"PUT\"-\"/cart\"-/user/ \"wastijeet@gmail.com\"","private":true}
{"level":"info","message":"Thu Sep 19 2024 23:20:13 GMT+0530 (India Standard Time)-Host:\"localhost:8002\"-method:\"PUT\"-\"/cart\"-/user/ \"wastijeet@gmail.com\"","private":true}
{"level":"info","message":"Thu Sep 19 2024 23:24:14 GMT+0530 (India Standard Time)-Host:\"localhost:8002\"-method:\"PUT\"-\"/cart\"-/user/ \"wastijeet@gmail.com\"","private":true}
{"level":"info","message":"Thu Sep 19 2024 23:58:24 GMT+0530 (India Standard Time)-Host:\"localhost:8002\"-method:\"PUT\"-\"/cart\"-/user/ \"wastijeet@gmail.com\"","private":true}
{"level":"info","message":"Thu Sep 19 2024 23:58:50 GMT+0530 (India Standard Time)-Host:\"localhost:8002\"-method:\"PUT\"-\"/cart\"-/user/ \"wastijeet@gmail.com\"","private":true}
{"level":"info","message":"Tue Sep 24 2024 18:49:15 GMT+0530 (India Standard Time)-Host:\"localhost:8002\"-method:\"PUT\"-\"/cart\"-/user/ \"wastijeet@gmail.com\"","private":true}
